2019/03/09 17:04:39 Logging to file
2019/03/09 17:04:39 Database connection established
2019/03/09 17:05:18 Logging to file
2019/03/09 17:05:18 Database connection established
2019/03/09 17:05:28 User logged in and session set
2019/03/10 00:39:52 Logging to file
2019/03/10 00:39:52 Database connection established
2019/03/10 00:40:07 User logged in and session set
2019/03/10 00:44:04 Logging to file
2019/03/10 00:44:04 Database connection established
2019/03/10 00:44:51 Logging to file
2019/03/10 00:44:51 Database connection established
2019/03/10 00:44:54 User logged in and session set
2019/03/10 00:55:04 Logging to file
2019/03/10 00:55:04 Database connection established
2019/03/12 00:46:45 Logging to file
2019/03/12 00:46:45 Database connection established
2019/03/12 00:47:48 Logging to file
2019/03/12 00:47:48 Database connection established
2019/03/12 00:50:52 Logging to file
2019/03/12 00:50:52 Database connection established
2019/03/12 00:59:39 Logging to file
2019/03/12 00:59:39 Database connection established
2019/03/12 00:59:49 Logging to file
2019/03/12 00:59:49 Database connection established
2019/03/12 01:00:57 Logging to file
2019/03/12 01:00:57 Database connection established
2019/03/12 01:01:23 Logging to file
2019/03/12 01:01:23 Database connection established
2019/03/12 01:03:05 Logging to file
2019/03/12 01:03:05 Database connection established
2019/03/12 01:03:08 Decoding error, user not registered
2019/03/12 01:03:35 Logging to file
2019/03/12 01:03:35 Database connection established
2019/03/12 01:04:57 Logging to file
2019/03/12 01:04:57 Database connection established
2019/03/12 01:05:36 Logging to file
2019/03/12 01:05:36 Database connection established
2019/03/12 01:05:39 Logging to file
2019/03/12 01:05:39 Database connection established
2019/03/12 01:06:40 Logging to file
2019/03/12 01:06:40 Database connection established
2019/03/12 01:08:48 Logging to file
2019/03/12 01:08:48 Database connection established
2019/03/12 01:11:08 Logging to file
2019/03/12 01:11:08 Database connection established
2019/03/12 01:11:11 Logging to file
2019/03/12 01:11:11 Database connection established
2019/03/12 01:12:39 Logging to file
2019/03/12 01:12:39 Database connection established
2019/03/12 01:13:28 Decoding error, user not registered
2019/03/12 01:14:01 Decoding error, user not registered
2019/03/12 01:14:58 Logging to file
2019/03/12 01:14:58 Database connection established
2019/03/12 01:15:40 Logging to file
2019/03/12 01:15:40 Database connection established
2019/03/12 01:15:43 Logging to file
2019/03/12 01:15:43 Database connection established
2019/03/12 15:45:44 Logging to file
2019/03/12 15:45:44 Database connection established
2019/03/12 15:49:02 Logging to file
2019/03/12 15:49:02 Database connection established
2019/03/12 16:08:25 Logging to file
2019/03/12 16:08:25 Database connection established
2019/03/12 16:08:51 Post https://iecsemailer.iecsemanipal.com/send/hawkForgotPass: dial tcp: lookup iecsemailer.iecsemanipal.com on 127.0.1.1:53: no such host
2019/03/12 16:08:57 Logging to file
2019/03/12 16:08:57 Database connection established
2019/03/12 16:09:15 Post https://iecsemailer.iecsemanipal.com/send/hawkForgotPass: dial tcp: lookup iecsemailer.iecsemanipal.com on 127.0.1.1:53: no such host
2019/03/12 16:19:03 Logging to file
2019/03/12 16:19:03 Database connection established
2019/03/12 16:19:11 Post https://iecsemailer.iecsemanipal.com/send/hawkForgotPass: dial tcp: lookup iecsemailer.iecsemanipal.com on 127.0.1.1:53: no such host
2019/03/12 16:19:48 Logging to file
2019/03/12 16:19:48 Database connection established
2019/03/12 16:19:52 Post https://iecsemailer.iecsemanipal.com/send/hawkForgotPass: dial tcp: lookup iecsemailer.iecsemanipal.com on 127.0.1.1:53: no such host
2019/03/12 16:20:34 Logging to file
2019/03/12 16:20:34 Database connection established
2019/03/12 16:20:38 Post https://iecsemailer.com/send/hawkForgotPass: dial tcp: lookup iecsemailer.com on 127.0.1.1:53: no such host
2019/03/12 22:37:13 Logging to file
2019/03/12 22:37:13 Database connection established
2019/03/12 22:40:18 Logging to file
2019/03/12 22:40:18 Database connection established
2019/03/12 22:41:49 Logging to file
2019/03/12 22:41:49 Database connection established
